2025-07-18 06:01:09.889: [INFO] VisibilityChanged: 0
2025-07-18 06:01:09.977: [INFO] RecordSyncInitDuration has_sync_been_enabled: 0 state: 0
2025-07-18 06:01:09.978: [INFO] RecordSyncInitDuration has_sync_been_enabled: 0 state: 0
2025-07-18 06:01:09.980: [INFO] RecordSyncInitDuration has_sync_been_enabled: 0 state: 0
2025-07-18 06:01:09.981: [INFO] RecordSyncInitDuration has_sync_been_enabled: 0 state: 0
2025-07-18 06:01:09.982: [INFO] RecordSyncInitDuration has_sync_been_enabled: 0 state: 0
2025-07-18 06:01:09.986: [INFO] RecordSyncInitDuration has_sync_been_enabled: 0 state: 0
2025-07-18 06:01:09.989: [INFO] RecordSyncInitDuration has_sync_been_enabled: 0 state: 0
2025-07-18 06:01:09.990: [INFO] RecordSyncInitDuration has_sync_been_enabled: 0 state: 0
2025-07-18 06:01:09.992: [INFO] RecordSyncInitDuration has_sync_been_enabled: 0 state: 0
2025-07-18 06:01:09.994: [INFO] RecordSyncInitDuration has_sync_been_enabled: 0 state: 0
2025-07-18 06:01:09.996: [INFO] RecordSyncInitDuration has_sync_been_enabled: 0 state: 0
2025-07-18 06:01:10.037: [INFO] BookmarkModelLoaded, ids_reassigned: 0
2025-07-18 06:01:10.037: [INFO] OnDoneLoading sync enabled: 0
2025-07-18 06:01:10.129: [INFO] RecordSyncInitDuration has_sync_been_enabled: 0 state: 0
2025-07-18 06:01:10.526: [INFO] RecordSyncInitDuration has_sync_been_enabled: 0 state: 3
2025-07-18 06:01:10.531: [INFO] Primary account changed.
2025-07-18 06:01:10.531: [INFO] OnPrimaryAccountChanged PrimaryAccountChangeEvent::Type::kSet
2025-07-18 06:01:10.538: [INFO] RecordSyncInitDuration has_sync_been_enabled: 0 state: 3
2025-07-18 06:01:11.277: [INFO] RecordSyncInitDuration has_sync_been_enabled: 0 state: 3
2025-07-18 06:01:21.864: [INFO] Sync initialization duration: 10349ms
2025-07-18 06:15:33.851: [INFO] VisibilityChanged: 0
2025-07-18 06:15:34.057: [INFO] BookmarkModelLoaded, ids_reassigned: 0
2025-07-18 06:15:34.057: [INFO] OnDoneLoading sync enabled: 1
2025-07-18 06:15:44.052: [INFO] Sync initialization duration: 6911ms
2025-07-18 06:19:25.188: [INFO] VisibilityChanged: 0
2025-07-18 06:19:25.314: [INFO] BookmarkModelLoaded, ids_reassigned: 0
2025-07-18 06:19:25.314: [INFO] OnDoneLoading sync enabled: 1
2025-07-18 06:19:28.888: [INFO] Sync initialization duration: 2861ms
2025-07-18 07:11:45.957: [INFO] VisibilityChanged: 0
2025-07-18 07:11:46.069: [INFO] BookmarkModelLoaded, ids_reassigned: 0
2025-07-18 07:11:46.069: [INFO] OnDoneLoading sync enabled: 1
2025-07-18 07:11:49.964: [INFO] Sync initialization duration: 3254ms
2025-07-18 07:32:50.371: [INFO] VisibilityChanged: 0
2025-07-18 07:32:50.486: [INFO] BookmarkModelLoaded, ids_reassigned: 0
2025-07-18 07:32:50.486: [INFO] OnDoneLoading sync enabled: 1
2025-07-18 07:32:53.509: [INFO] Sync initialization duration: 2519ms
2025-07-18 09:14:15.900: [INFO] VisibilityChanged: 0
2025-07-18 09:14:15.986: [INFO] BookmarkModelLoaded, ids_reassigned: 0
2025-07-18 09:14:15.986: [INFO] OnDoneLoading sync enabled: 1
2025-07-18 09:14:20.051: [INFO] Sync initialization duration: 3298ms
2025-07-18 09:48:15.307: [INFO] VisibilityChanged: 0
2025-07-18 09:48:15.423: [INFO] BookmarkModelLoaded, ids_reassigned: 0
2025-07-18 09:48:15.423: [INFO] OnDoneLoading sync enabled: 1
2025-07-18 09:48:19.415: [INFO] Sync initialization duration: 3341ms
