{"logTime": "0718/061537", "correlationVector":"q+Ezu83CRaY3Xdk7LmFSNb.1","action":"SyncServerConnectionManagerRequest", "result":"SYNC_SERVER_OK", "context":{"environment":"Prod_southeastasia_prod-s01-065-apac-southeastasia", "migrationStage":"NotStarted", "server":"akswtt00900002j"}}
{"logTime": "0718/061537", "correlationVector":"q+Ezu83CRaY3Xdk7LmFSNb.2","action":"ProcessGetUpdates", "result":"Done", "context":{"dataType":"Encryption Keys", "deleted":"0", "process_failed_to_decrypt":"0", "process_pending_decryption":"0", "process_success":"1", "total":"1"}}
{"logTime": "0718/061538", "correlationVector":"h2c9AREKefVVsrgw+9XfzU","action":"SyncServerConnectionManagerRequest", "result":"SYNC_SERVER_OK", "context":{"environment":"", "migrationStage":"", "server":""}}
{"logTime": "0718/061538", "correlationVector":"h2c9AREKefVVsrgw+9XfzU.0","action":"EncryptionKeysFetcher.DownloadKeys:", "result":"Success", "context":Key count: 1, Last key timestamp: 2025-01-29T12:37:04Z}
{"logTime": "0718/061538", "correlationVector":"h2c9AREKefVVsrgw+9XfzU.1","action":"EncryptionKeysManager::SetEncryptionKeys:", "result":"Success", "context":Key names[1]:[tb9/K1zpqs61z7zqlUbF2AM8M2YwDpVDY3ez5+9VqQ8yFj336TogLEBtRohSvKhVHxj1JQeMqLHa9Xrm1rSurw==]}
{"logTime": "0718/061538", "correlationVector":"h2c9AREKefVVsrgw+9XfzU.2","action":"EncryptionKeysManager::SetEncryptionKeysWithTimestamps:", "result":"Success", "context":Key timestamps[1]:[2025-01-29T12:37:04Z]}
{"logTime": "0718/061538", "correlationVector":"q+Ezu83CRaY3Xdk7LmFSNb","action":"Initial GetUpdates", "result":"", "context":Reason: NEW_CLIENT. cV=q+Ezu83CRaY3Xdk7LmFSNb}
{"logTime": "0718/061538", "correlationVector":"q+Ezu83CRaY3Xdk7LmFSNb.3","action":"GetUpdates Response", "result":"Success", "context":Received 1 update(s). cV=q+Ezu83CRaY3Xdk7LmFSNb.0;server=akswtt00900002j;cloudType=Consumer;environment=Prod_southeastasia_prod-s01-065-apac-southeastasia;migrationStage=NotStarted}
{"logTime": "0718/061538", "correlationVector":"fzbfQX4kEnaOe/l3dQurlx","action":"Initial GetUpdates", "result":"", "context":Reason: NEWLY_SUPPORTED_DATATYPE. cV=fzbfQX4kEnaOe/l3dQurlx}
{"logTime": "0718/061538", "correlationVector":"fzbfQX4kEnaOe/l3dQurlx.1","action":"SyncServerConnectionManagerRequest", "result":"SYNC_SERVER_OK", "context":{"environment":"Prod_southeastasia_prod-s01-065-apac-southeastasia", "migrationStage":"NotStarted", "server":"akswtt009000026"}}
{"logTime": "0718/061538", "correlationVector":"fzbfQX4kEnaOe/l3dQurlx.2","action":"ProcessGetUpdates", "result":"Done", "context":{"dataType":"Preferences", "deleted":"4", "process_failed_to_decrypt":"0", "process_pending_decryption":"0", "process_success":"67", "total":"67"}}
{"logTime": "0718/061538", "correlationVector":"fzbfQX4kEnaOe/l3dQurlx.3","action":"ProcessGetUpdates", "result":"Done", "context":{"dataType":"Passwords", "deleted":"0", "process_failed_to_decrypt":"0", "process_pending_decryption":"0", "process_success":"6", "total":"6"}}
{"logTime": "0718/061538", "correlationVector":"fzbfQX4kEnaOe/l3dQurlx.4","action":"ProcessGetUpdates", "result":"Done", "context":{"dataType":"Device Info", "deleted":"0", "process_failed_to_decrypt":"0", "process_pending_decryption":"0", "process_success":"3", "total":"3"}}
{"logTime": "0718/061538", "correlationVector":"fzbfQX4kEnaOe/l3dQurlx.5","action":"GetUpdates Response", "result":"Success", "context":Received 76 update(s). cV=fzbfQX4kEnaOe/l3dQurlx.0;server=akswtt009000026;cloudType=Consumer;environment=Prod_southeastasia_prod-s01-065-apac-southeastasia;migrationStage=NotStarted}
{"logTime": "0718/061538", "correlationVector":"9fP/yPw4iK8OQ9qHMy08Uo","action":"Initial GetUpdates", "result":"", "context":Reason: NEWLY_SUPPORTED_DATATYPE. cV=9fP/yPw4iK8OQ9qHMy08Uo}
{"logTime": "0718/061539", "correlationVector":"9fP/yPw4iK8OQ9qHMy08Uo.1","action":"SyncServerConnectionManagerRequest", "result":"SYNC_SERVER_OK", "context":{"environment":"Prod_southeastasia_prod-s01-065-apac-southeastasia", "migrationStage":"NotStarted", "server":"akswtt00900002l"}}
{"logTime": "0718/061539", "correlationVector":"9fP/yPw4iK8OQ9qHMy08Uo.2","action":"ProcessGetUpdates", "result":"Done", "context":{"dataType":"Autofill Profiles", "deleted":"0", "process_failed_to_decrypt":"0", "process_pending_decryption":"0", "process_success":"20", "total":"20"}}
{"logTime": "0718/061539", "correlationVector":"9fP/yPw4iK8OQ9qHMy08Uo.3","action":"ProcessGetUpdates", "result":"Done", "context":{"dataType":"Autofill", "deleted":"0", "process_failed_to_decrypt":"0", "process_pending_decryption":"0", "process_success":"100", "total":"100"}}
{"logTime": "0718/061539", "correlationVector":"9fP/yPw4iK8OQ9qHMy08Uo.4","action":"ProcessGetUpdates", "result":"Done", "context":{"dataType":"Extensions", "deleted":"0", "process_failed_to_decrypt":"0", "process_pending_decryption":"0", "process_success":"2", "total":"2"}}
{"logTime": "0718/061539", "correlationVector":"9fP/yPw4iK8OQ9qHMy08Uo.5","action":"ProcessGetUpdates", "result":"Done", "context":{"dataType":"Sessions", "deleted":"128", "process_failed_to_decrypt":"0", "process_pending_decryption":"0", "process_success":"128", "total":"128"}}
{"logTime": "0718/061539", "correlationVector":"9fP/yPw4iK8OQ9qHMy08Uo.6","action":"GetUpdates Response", "result":"Success", "context":Received 250 update(s). cV=9fP/yPw4iK8OQ9qHMy08Uo.0;server=akswtt00900002l;cloudType=Consumer;environment=Prod_southeastasia_prod-s01-065-apac-southeastasia;migrationStage=NotStarted Some updates remain.}
{"logTime": "0718/061539", "correlationVector":"wyRH7zl3MPKFF1SomVP7nW","action":"Initial GetUpdates", "result":"", "context":Reason: NEWLY_SUPPORTED_DATATYPE. cV=wyRH7zl3MPKFF1SomVP7nW}
{"logTime": "0718/061539", "correlationVector":"wyRH7zl3MPKFF1SomVP7nW.1","action":"SyncServerConnectionManagerRequest", "result":"SYNC_SERVER_OK", "context":{"environment":"Prod_southeastasia_prod-s01-065-apac-southeastasia", "migrationStage":"NotStarted", "server":"akswtt00900000r"}}
{"logTime": "0718/061539", "correlationVector":"wyRH7zl3MPKFF1SomVP7nW.2","action":"ProcessGetUpdates", "result":"Done", "context":{"dataType":"Autofill Profiles", "deleted":"0", "process_failed_to_decrypt":"0", "process_pending_decryption":"0", "process_success":"10", "total":"10"}}
{"logTime": "0718/061539", "correlationVector":"wyRH7zl3MPKFF1SomVP7nW.3","action":"ProcessGetUpdates", "result":"Done", "context":{"dataType":"Autofill", "deleted":"0", "process_failed_to_decrypt":"0", "process_pending_decryption":"0", "process_success":"16", "total":"16"}}
{"logTime": "0718/061539", "correlationVector":"wyRH7zl3MPKFF1SomVP7nW.4","action":"ProcessGetUpdates", "result":"Done", "context":{"dataType":"Sessions", "deleted":"217", "process_failed_to_decrypt":"0", "process_pending_decryption":"0", "process_success":"217", "total":"217"}}
{"logTime": "0718/061539", "correlationVector":"wyRH7zl3MPKFF1SomVP7nW.5","action":"ProcessGetUpdates", "result":"Done", "context":{"dataType":"Extension settings", "deleted":"0", "process_failed_to_decrypt":"0", "process_pending_decryption":"0", "process_success":"1", "total":"1"}}
{"logTime": "0718/061539", "correlationVector":"wyRH7zl3MPKFF1SomVP7nW.6","action":"ProcessGetUpdates", "result":"Done", "context":{"dataType":"Saved Tab Group", "deleted":"3", "process_failed_to_decrypt":"0", "process_pending_decryption":"0", "process_success":"3", "total":"3"}}
{"logTime": "0718/061539", "correlationVector":"wyRH7zl3MPKFF1SomVP7nW.7","action":"ProcessGetUpdates", "result":"Done", "context":{"dataType":"Edge Hub App Usage", "deleted":"0", "process_failed_to_decrypt":"0", "process_pending_decryption":"0", "process_success":"3", "total":"3"}}
{"logTime": "0718/061539", "correlationVector":"wyRH7zl3MPKFF1SomVP7nW.8","action":"GetUpdates Response", "result":"Success", "context":Received 250 update(s). cV=wyRH7zl3MPKFF1SomVP7nW.0;server=akswtt00900000r;cloudType=Consumer;environment=Prod_southeastasia_prod-s01-065-apac-southeastasia;migrationStage=NotStarted Some updates remain.}
{"logTime": "0718/061539", "correlationVector":"4/UKOQwbnf3IapT6mT9LjP","action":"Initial GetUpdates", "result":"", "context":Reason: NEWLY_SUPPORTED_DATATYPE. cV=4/UKOQwbnf3IapT6mT9LjP}
{"logTime": "0718/061540", "correlationVector":"4/UKOQwbnf3IapT6mT9LjP.1","action":"SyncServerConnectionManagerRequest", "result":"SYNC_SERVER_OK", "context":{"environment":"Prod_southeastasia_prod-s01-065-apac-southeastasia", "migrationStage":"NotStarted", "server":"akswtt009000037"}}
{"logTime": "0718/061540", "correlationVector":"4/UKOQwbnf3IapT6mT9LjP.2","action":"ProcessGetUpdates", "result":"Done", "context":{"dataType":"Autofill Profiles", "deleted":"0", "process_failed_to_decrypt":"0", "process_pending_decryption":"0", "process_success":"15", "total":"15"}}
{"logTime": "0718/061540", "correlationVector":"4/UKOQwbnf3IapT6mT9LjP.3","action":"ProcessGetUpdates", "result":"Done", "context":{"dataType":"Autofill", "deleted":"0", "process_failed_to_decrypt":"0", "process_pending_decryption":"0", "process_success":"1", "total":"1"}}
{"logTime": "0718/061540", "correlationVector":"4/UKOQwbnf3IapT6mT9LjP.4","action":"ProcessGetUpdates", "result":"Done", "context":{"dataType":"Sessions", "deleted":"233", "process_failed_to_decrypt":"0", "process_pending_decryption":"0", "process_success":"233", "total":"233"}}
{"logTime": "0718/061540", "correlationVector":"4/UKOQwbnf3IapT6mT9LjP.5","action":"ProcessGetUpdates", "result":"Done", "context":{"dataType":"Edge Hub App Usage", "deleted":"0", "process_failed_to_decrypt":"0", "process_pending_decryption":"0", "process_success":"1", "total":"1"}}
{"logTime": "0718/061540", "correlationVector":"4/UKOQwbnf3IapT6mT9LjP.6","action":"GetUpdates Response", "result":"Success", "context":Received 250 update(s). cV=4/UKOQwbnf3IapT6mT9LjP.0;server=akswtt009000037;cloudType=Consumer;environment=Prod_southeastasia_prod-s01-065-apac-southeastasia;migrationStage=NotStarted Some updates remain.}
{"logTime": "0718/061540", "correlationVector":"Nh/O/TGwrpm9hy6kkvk4rY","action":"Initial GetUpdates", "result":"", "context":Reason: NEWLY_SUPPORTED_DATATYPE. cV=Nh/O/TGwrpm9hy6kkvk4rY}
{"logTime": "0718/061540", "correlationVector":"Nh/O/TGwrpm9hy6kkvk4rY.1","action":"SyncServerConnectionManagerRequest", "result":"SYNC_SERVER_OK", "context":{"environment":"Prod_southeastasia_prod-s01-065-apac-southeastasia", "migrationStage":"NotStarted", "server":"akswtt00900002a"}}
{"logTime": "0718/061540", "correlationVector":"Nh/O/TGwrpm9hy6kkvk4rY.2","action":"ProcessGetUpdates", "result":"Done", "context":{"dataType":"Autofill Profiles", "deleted":"0", "process_failed_to_decrypt":"0", "process_pending_decryption":"0", "process_success":"10", "total":"10"}}
{"logTime": "0718/061540", "correlationVector":"Nh/O/TGwrpm9hy6kkvk4rY.3","action":"ProcessGetUpdates", "result":"Done", "context":{"dataType":"Autofill", "deleted":"0", "process_failed_to_decrypt":"0", "process_pending_decryption":"0", "process_success":"19", "total":"19"}}
{"logTime": "0718/061540", "correlationVector":"Nh/O/TGwrpm9hy6kkvk4rY.4","action":"ProcessGetUpdates", "result":"Done", "context":{"dataType":"Sessions", "deleted":"220", "process_failed_to_decrypt":"0", "process_pending_decryption":"0", "process_success":"220", "total":"220"}}
{"logTime": "0718/061540", "correlationVector":"Nh/O/TGwrpm9hy6kkvk4rY.5","action":"ProcessGetUpdates", "result":"Done", "context":{"dataType":"Edge Hub App Usage", "deleted":"1", "process_failed_to_decrypt":"0", "process_pending_decryption":"0", "process_success":"1", "total":"1"}}
{"logTime": "0718/061540", "correlationVector":"Nh/O/TGwrpm9hy6kkvk4rY.6","action":"GetUpdates Response", "result":"Success", "context":Received 250 update(s). cV=Nh/O/TGwrpm9hy6kkvk4rY.0;server=akswtt00900002a;cloudType=Consumer;environment=Prod_southeastasia_prod-s01-065-apac-southeastasia;migrationStage=NotStarted Some updates remain.}
{"logTime": "0718/061540", "correlationVector":"Yu6F4f1joAfUBramJ7g4x7","action":"Initial GetUpdates", "result":"", "context":Reason: NEWLY_SUPPORTED_DATATYPE. cV=Yu6F4f1joAfUBramJ7g4x7}
{"logTime": "0718/061541", "correlationVector":"Yu6F4f1joAfUBramJ7g4x7.1","action":"SyncServerConnectionManagerRequest", "result":"SYNC_SERVER_OK", "context":{"environment":"Prod_southeastasia_prod-s01-065-apac-southeastasia", "migrationStage":"NotStarted", "server":"akswtt00900001w"}}
{"logTime": "0718/061541", "correlationVector":"Yu6F4f1joAfUBramJ7g4x7.2","action":"ProcessGetUpdates", "result":"Done", "context":{"dataType":"Autofill Profiles", "deleted":"0", "process_failed_to_decrypt":"0", "process_pending_decryption":"0", "process_success":"18", "total":"18"}}
{"logTime": "0718/061541", "correlationVector":"Yu6F4f1joAfUBramJ7g4x7.3","action":"ProcessGetUpdates", "result":"Done", "context":{"dataType":"Autofill", "deleted":"0", "process_failed_to_decrypt":"0", "process_pending_decryption":"0", "process_success":"10", "total":"10"}}
{"logTime": "0718/061541", "correlationVector":"Yu6F4f1joAfUBramJ7g4x7.4","action":"ProcessGetUpdates", "result":"Done", "context":{"dataType":"Extensions", "deleted":"0", "process_failed_to_decrypt":"0", "process_pending_decryption":"0", "process_success":"1", "total":"1"}}
{"logTime": "0718/061541", "correlationVector":"Yu6F4f1joAfUBramJ7g4x7.5","action":"ProcessGetUpdates", "result":"Done", "context":{"dataType":"Sessions", "deleted":"221", "process_failed_to_decrypt":"0", "process_pending_decryption":"0", "process_success":"221", "total":"221"}}
{"logTime": "0718/061541", "correlationVector":"Yu6F4f1joAfUBramJ7g4x7.6","action":"GetUpdates Response", "result":"Success", "context":Received 250 update(s). cV=Yu6F4f1joAfUBramJ7g4x7.0;server=akswtt00900001w;cloudType=Consumer;environment=Prod_southeastasia_prod-s01-065-apac-southeastasia;migrationStage=NotStarted Some updates remain.}
{"logTime": "0718/061541", "correlationVector":"7WocLwX9gudxZ4vT8S2IKN","action":"Initial GetUpdates", "result":"", "context":Reason: NEWLY_SUPPORTED_DATATYPE. cV=7WocLwX9gudxZ4vT8S2IKN}
{"logTime": "0718/061541", "correlationVector":"7WocLwX9gudxZ4vT8S2IKN.1","action":"SyncServerConnectionManagerRequest", "result":"SYNC_SERVER_OK", "context":{"environment":"Prod_southeastasia_prod-s01-065-apac-southeastasia", "migrationStage":"NotStarted", "server":"akswtt009000035"}}
{"logTime": "0718/061541", "correlationVector":"7WocLwX9gudxZ4vT8S2IKN.2","action":"ProcessGetUpdates", "result":"Done", "context":{"dataType":"Autofill Profiles", "deleted":"0", "process_failed_to_decrypt":"0", "process_pending_decryption":"0", "process_success":"1", "total":"1"}}
{"logTime": "0718/061541", "correlationVector":"7WocLwX9gudxZ4vT8S2IKN.3","action":"ProcessGetUpdates", "result":"Done", "context":{"dataType":"Autofill", "deleted":"0", "process_failed_to_decrypt":"0", "process_pending_decryption":"0", "process_success":"7", "total":"7"}}
{"logTime": "0718/061541", "correlationVector":"7WocLwX9gudxZ4vT8S2IKN.4","action":"ProcessGetUpdates", "result":"Done", "context":{"dataType":"Sessions", "deleted":"242", "process_failed_to_decrypt":"0", "process_pending_decryption":"0", "process_success":"242", "total":"242"}}
{"logTime": "0718/061541", "correlationVector":"7WocLwX9gudxZ4vT8S2IKN.5","action":"GetUpdates Response", "result":"Success", "context":Received 250 update(s). cV=7WocLwX9gudxZ4vT8S2IKN.0;server=akswtt009000035;cloudType=Consumer;environment=Prod_southeastasia_prod-s01-065-apac-southeastasia;migrationStage=NotStarted Some updates remain.}
{"logTime": "0718/061541", "correlationVector":"GRbTPKW85Ep5ZKLVExFWoX","action":"Initial GetUpdates", "result":"", "context":Reason: NEWLY_SUPPORTED_DATATYPE. cV=GRbTPKW85Ep5ZKLVExFWoX}
{"logTime": "0718/061542", "correlationVector":"GRbTPKW85Ep5ZKLVExFWoX.1","action":"SyncServerConnectionManagerRequest", "result":"SYNC_SERVER_OK", "context":{"environment":"Prod_southeastasia_prod-s01-065-apac-southeastasia", "migrationStage":"NotStarted", "server":"akswtt00900002g"}}
{"logTime": "0718/061542", "correlationVector":"GRbTPKW85Ep5ZKLVExFWoX.2","action":"ProcessGetUpdates", "result":"Done", "context":{"dataType":"Autofill Profiles", "deleted":"0", "process_failed_to_decrypt":"0", "process_pending_decryption":"0", "process_success":"1", "total":"1"}}
{"logTime": "0718/061542", "correlationVector":"GRbTPKW85Ep5ZKLVExFWoX.3","action":"ProcessGetUpdates", "result":"Done", "context":{"dataType":"Autofill", "deleted":"0", "process_failed_to_decrypt":"0", "process_pending_decryption":"0", "process_success":"6", "total":"6"}}
{"logTime": "0718/061542", "correlationVector":"GRbTPKW85Ep5ZKLVExFWoX.4","action":"ProcessGetUpdates", "result":"Done", "context":{"dataType":"Sessions", "deleted":"220", "process_failed_to_decrypt":"0", "process_pending_decryption":"0", "process_success":"220", "total":"220"}}
{"logTime": "0718/061542", "correlationVector":"GRbTPKW85Ep5ZKLVExFWoX.5","action":"ProcessGetUpdates", "result":"Done", "context":{"dataType":"Saved Tab Group", "deleted":"15", "process_failed_to_decrypt":"0", "process_pending_decryption":"0", "process_success":"15", "total":"15"}}
{"logTime": "0718/061542", "correlationVector":"GRbTPKW85Ep5ZKLVExFWoX.6","action":"ProcessGetUpdates", "result":"Done", "context":{"dataType":"Edge Hub App Usage", "deleted":"0", "process_failed_to_decrypt":"0", "process_pending_decryption":"0", "process_success":"8", "total":"8"}}
{"logTime": "0718/061542", "correlationVector":"GRbTPKW85Ep5ZKLVExFWoX.7","action":"GetUpdates Response", "result":"Success", "context":Received 250 update(s). cV=GRbTPKW85Ep5ZKLVExFWoX.0;server=akswtt00900002g;cloudType=Consumer;environment=Prod_southeastasia_prod-s01-065-apac-southeastasia;migrationStage=NotStarted Some updates remain.}
{"logTime": "0718/061542", "correlationVector":"YNSs07VDonpLkZ8oth5hhl","action":"Initial GetUpdates", "result":"", "context":Reason: NEWLY_SUPPORTED_DATATYPE. cV=YNSs07VDonpLkZ8oth5hhl}
{"logTime": "0718/061542", "correlationVector":"YNSs07VDonpLkZ8oth5hhl.1","action":"SyncServerConnectionManagerRequest", "result":"SYNC_SERVER_OK", "context":{"environment":"Prod_southeastasia_prod-s01-065-apac-southeastasia", "migrationStage":"NotStarted", "server":"akswtt00900000k"}}
{"logTime": "0718/061542", "correlationVector":"YNSs07VDonpLkZ8oth5hhl.2","action":"ProcessGetUpdates", "result":"Done", "context":{"dataType":"Autofill Profiles", "deleted":"0", "process_failed_to_decrypt":"0", "process_pending_decryption":"0", "process_success":"5", "total":"5"}}
{"logTime": "0718/061542", "correlationVector":"YNSs07VDonpLkZ8oth5hhl.3","action":"ProcessGetUpdates", "result":"Done", "context":{"dataType":"Autofill", "deleted":"0", "process_failed_to_decrypt":"0", "process_pending_decryption":"0", "process_success":"26", "total":"26"}}
{"logTime": "0718/061542", "correlationVector":"YNSs07VDonpLkZ8oth5hhl.4","action":"ProcessGetUpdates", "result":"Done", "context":{"dataType":"Sessions", "deleted":"219", "process_failed_to_decrypt":"0", "process_pending_decryption":"0", "process_success":"219", "total":"219"}}
{"logTime": "0718/061542", "correlationVector":"YNSs07VDonpLkZ8oth5hhl.5","action":"GetUpdates Response", "result":"Success", "context":Received 250 update(s). cV=YNSs07VDonpLkZ8oth5hhl.0;server=akswtt00900000k;cloudType=Consumer;environment=Prod_southeastasia_prod-s01-065-apac-southeastasia;migrationStage=NotStarted Some updates remain.}
{"logTime": "0718/061542", "correlationVector":"22aDGmPfbKsVuig02H89NJ","action":"Initial GetUpdates", "result":"", "context":Reason: NEWLY_SUPPORTED_DATATYPE. cV=22aDGmPfbKsVuig02H89NJ}
{"logTime": "0718/061542", "correlationVector":"22aDGmPfbKsVuig02H89NJ.1","action":"SyncServerConnectionManagerRequest", "result":"SYNC_SERVER_OK", "context":{"environment":"Prod_southeastasia_prod-s01-065-apac-southeastasia", "migrationStage":"NotStarted", "server":"akswtt00900002k"}}
{"logTime": "0718/061542", "correlationVector":"22aDGmPfbKsVuig02H89NJ.2","action":"ProcessGetUpdates", "result":"Done", "context":{"dataType":"Autofill", "deleted":"0", "process_failed_to_decrypt":"0", "process_pending_decryption":"0", "process_success":"6", "total":"6"}}
{"logTime": "0718/061542", "correlationVector":"22aDGmPfbKsVuig02H89NJ.3","action":"ProcessGetUpdates", "result":"Done", "context":{"dataType":"Sessions", "deleted":"240", "process_failed_to_decrypt":"0", "process_pending_decryption":"0", "process_success":"240", "total":"240"}}
{"logTime": "0718/061542", "correlationVector":"22aDGmPfbKsVuig02H89NJ.4","action":"ProcessGetUpdates", "result":"Done", "context":{"dataType":"Web Apps", "deleted":"2", "process_failed_to_decrypt":"0", "process_pending_decryption":"0", "process_success":"2", "total":"2"}}
{"logTime": "0718/061542", "correlationVector":"22aDGmPfbKsVuig02H89NJ.5","action":"ProcessGetUpdates", "result":"Done", "context":{"dataType":"Edge Hub App Usage", "deleted":"1", "process_failed_to_decrypt":"0", "process_pending_decryption":"0", "process_success":"2", "total":"2"}}
{"logTime": "0718/061542", "correlationVector":"22aDGmPfbKsVuig02H89NJ.6","action":"GetUpdates Response", "result":"Success", "context":Received 250 update(s). cV=22aDGmPfbKsVuig02H89NJ.0;server=akswtt00900002k;cloudType=Consumer;environment=Prod_southeastasia_prod-s01-065-apac-southeastasia;migrationStage=NotStarted Some updates remain.}
{"logTime": "0718/061542", "correlationVector":"M11EvqG7xbl9gdFtwI7Gkt","action":"Initial GetUpdates", "result":"", "context":Reason: NEWLY_SUPPORTED_DATATYPE. cV=M11EvqG7xbl9gdFtwI7Gkt}
{"logTime": "0718/061543", "correlationVector":"M11EvqG7xbl9gdFtwI7Gkt.1","action":"SyncServerConnectionManagerRequest", "result":"SYNC_SERVER_OK", "context":{"environment":"Prod_southeastasia_prod-s01-065-apac-southeastasia", "migrationStage":"NotStarted", "server":"akswtt00900001w"}}
{"logTime": "0718/061543", "correlationVector":"M11EvqG7xbl9gdFtwI7Gkt.2","action":"ProcessGetUpdates", "result":"Done", "context":{"dataType":"Autofill", "deleted":"0", "process_failed_to_decrypt":"0", "process_pending_decryption":"0", "process_success":"4", "total":"4"}}
{"logTime": "0718/061543", "correlationVector":"M11EvqG7xbl9gdFtwI7Gkt.3","action":"ProcessGetUpdates", "result":"Done", "context":{"dataType":"Extensions", "deleted":"0", "process_failed_to_decrypt":"0", "process_pending_decryption":"0", "process_success":"2", "total":"2"}}
{"logTime": "0718/061543", "correlationVector":"M11EvqG7xbl9gdFtwI7Gkt.4","action":"ProcessGetUpdates", "result":"Done", "context":{"dataType":"Sessions", "deleted":"243", "process_failed_to_decrypt":"0", "process_pending_decryption":"0", "process_success":"243", "total":"243"}}
{"logTime": "0718/061543", "correlationVector":"M11EvqG7xbl9gdFtwI7Gkt.5","action":"ProcessGetUpdates", "result":"Done", "context":{"dataType":"Web Apps", "deleted":"0", "process_failed_to_decrypt":"0", "process_pending_decryption":"0", "process_success":"1", "total":"1"}}
{"logTime": "0718/061543", "correlationVector":"M11EvqG7xbl9gdFtwI7Gkt.6","action":"GetUpdates Response", "result":"Success", "context":Received 250 update(s). cV=M11EvqG7xbl9gdFtwI7Gkt.0;server=akswtt00900001w;cloudType=Consumer;environment=Prod_southeastasia_prod-s01-065-apac-southeastasia;migrationStage=NotStarted Some updates remain.}
{"logTime": "0718/061543", "correlationVector":"AO/8LIIDbgmDRDpG/5Xi5H","action":"Initial GetUpdates", "result":"", "context":Reason: NEWLY_SUPPORTED_DATATYPE. cV=AO/8LIIDbgmDRDpG/5Xi5H}
{"logTime": "0718/061543", "correlationVector":"AO/8LIIDbgmDRDpG/5Xi5H.1","action":"SyncServerConnectionManagerRequest", "result":"SYNC_SERVER_OK", "context":{"environment":"Prod_southeastasia_prod-s01-065-apac-southeastasia", "migrationStage":"NotStarted", "server":"akswtt00900000f"}}
{"logTime": "0718/061543", "correlationVector":"AO/8LIIDbgmDRDpG/5Xi5H.2","action":"ProcessGetUpdates", "result":"Done", "context":{"dataType":"Autofill Profiles", "deleted":"0", "process_failed_to_decrypt":"0", "process_pending_decryption":"0", "process_success":"9", "total":"9"}}
{"logTime": "0718/061543", "correlationVector":"AO/8LIIDbgmDRDpG/5Xi5H.3","action":"ProcessGetUpdates", "result":"Done", "context":{"dataType":"Autofill", "deleted":"0", "process_failed_to_decrypt":"0", "process_pending_decryption":"0", "process_success":"7", "total":"7"}}
{"logTime": "0718/061543", "correlationVector":"AO/8LIIDbgmDRDpG/5Xi5H.4","action":"ProcessGetUpdates", "result":"Done", "context":{"dataType":"Sessions", "deleted":"210", "process_failed_to_decrypt":"0", "process_pending_decryption":"0", "process_success":"223", "total":"223"}}
{"logTime": "0718/061544", "correlationVector":"AO/8LIIDbgmDRDpG/5Xi5H.5","action":"GetUpdates Response", "result":"Success", "context":Received 239 update(s). cV=AO/8LIIDbgmDRDpG/5Xi5H.0;server=akswtt00900000f;cloudType=Consumer;environment=Prod_southeastasia_prod-s01-065-apac-southeastasia;migrationStage=NotStarted}
{"logTime": "0718/061544", "correlationVector":"LocUNU4aOmJOHD8Ye1DG8/","action":"Normal GetUpdate request", "result":"", "context":cV=LocUNU4aOmJOHD8Ye1DG8/
Nudged types: Sessions, Device Info, History
Refresh requested types: Bookmarks, Preferences, Passwords, Autofill Profiles, Autofill, Extensions, Sessions, Extension settings, History Delete Directives, Device Info, User Consents, Send Tab To Self, Web Apps, History, Saved Tab Group, WebAuthn Credentials, Collection, Edge E Drop, Edge Hub App Usage, Edge Wallet, Encryption Keys}
{"logTime": "0718/061544", "correlationVector":"LocUNU4aOmJOHD8Ye1DG8/.1","action":"SyncServerConnectionManagerRequest", "result":"SYNC_SERVER_OK", "context":{"environment":"Prod_southeastasia_prod-s01-065-apac-southeastasia", "migrationStage":"NotStarted", "server":"akswtt00900000f"}}
{"logTime": "0718/061544", "correlationVector":"LocUNU4aOmJOHD8Ye1DG8/.2","action":"ProcessGetUpdates", "result":"Done", "context":{"dataType":"History", "deleted":"0", "process_failed_to_decrypt":"0", "process_pending_decryption":"0", "process_success":"2", "total":"2"}}
{"logTime": "0718/061544", "correlationVector":"LocUNU4aOmJOHD8Ye1DG8/.3","action":"GetUpdates Response", "result":"Success", "context":Received 2 update(s). cV=LocUNU4aOmJOHD8Ye1DG8/.0;server=akswtt00900000f;cloudType=Consumer;environment=Prod_southeastasia_prod-s01-065-apac-southeastasia;migrationStage=NotStarted}
{"logTime": "0718/061544", "correlationVector":"MQyP2906t8eL61ot8E++1r","action":"Commit Request", "result":"", "context":Item count: 5
Contributing types: Sessions, Device Info, History}
{"logTime": "0718/061544", "correlationVector":"MQyP2906t8eL61ot8E++1r.1","action":"SyncServerConnectionManagerRequest", "result":"SYNC_SERVER_OK", "context":{"environment":"Prod_southeastasia_prod-s01-065-apac-southeastasia", "migrationStage":"NotStarted", "server":"akswtt00900002j"}}
{"logTime": "0718/061544", "correlationVector":"MQyP2906t8eL61ot8E++1r.2","action":"Commit Response", "result":"Success", "context":Result: Success. cV=MQyP2906t8eL61ot8E++1r.0;server=akswtt00900002j;cloudType=Consumer;environment=Prod_southeastasia_prod-s01-065-apac-southeastasia;migrationStage=NotStarted}
{"logTime": "0718/061646", "correlationVector":"+KWkhTGpUBWy75Q+9IQLyN","action":"Commit Request", "result":"", "context":Item count: 8
Contributing types: Sessions, History}
{"logTime": "0718/061647", "correlationVector":"+KWkhTGpUBWy75Q+9IQLyN.1","action":"SyncServerConnectionManagerRequest", "result":"SYNC_SERVER_OK", "context":{"environment":"Prod_southeastasia_prod-s01-065-apac-southeastasia", "migrationStage":"NotStarted", "server":"akswtt00900003d"}}
{"logTime": "0718/061647", "correlationVector":"+KWkhTGpUBWy75Q+9IQLyN.2","action":"Commit Response", "result":"Success", "context":Result: Success. cV=+KWkhTGpUBWy75Q+9IQLyN.0;server=akswtt00900003d;cloudType=Consumer;environment=Prod_southeastasia_prod-s01-065-apac-southeastasia;migrationStage=NotStarted}
